<?xml version="1.0" encoding="UTF-8"?>
<!-- Generated by org.testng.reporters.JUnitReportReporter -->
<testsuite skipped="0" hostname="UK930027" name="Tests.homepageTest" tests="1" failures="0" timestamp="2020-01-23T10:47:12 GMT" time="11.071" errors="0">
  <testcase name="searchForOrange" time="11.071" classname="Tests.homepageTest"/>
</testsuite> <!-- Tests.homepageTest -->
