<?xml version="1.0" encoding="UTF-8"?>
<!-- Generated by org.testng.reporters.JUnitReportReporter -->
<testsuite skipped="0" hostname="UK000824" name="Tests.Demo" tests="3" failures="0" timestamp="2020-10-09T13:54:35 BST" time="202.386" errors="0">
  <testcase name="homeScreen" time="107.619" classname="Tests.Demo"/>
  <testcase name="resumeTailoring" time="73.171" classname="Tests.Demo"/>
  <testcase name="confirmAndDelete" time="21.596" classname="Tests.Demo"/>
</testsuite> <!-- Tests.Demo -->
